<?xml version="1.0" encoding="UTF-8"?>
<!-- Generated by org.testng.reporters.JUnitReportReporter -->
<testsuite hostname="DESKTOP-8NQUGLF" failures="0" tests="6" name="UnitTest.Test_Altoro" time="34.128" errors="0" timestamp="2022-10-08T15:18:51 IST" skipped="0">
  <testcase classname="UnitTest.Test_Altoro" name="altoroLogin_Negative" time="6.849"/>
  <system-out/>
  <testcase classname="UnitTest.Test_Altoro" name="altoroLogin_Positive" time="3.449"/>
  <system-out/>
  <testcase classname="UnitTest.Test_Altoro" name="altoro_ViewAccountBalance" time="4.541"/>
  <system-out/>
  <testcase classname="UnitTest.Test_Altoro" name="altoro_FundTransfer" time="8.151"/>
  <system-out/>
  <testcase classname="UnitTest.Test_Altoro" name="altoro_ViewRecentTransaction" time="5.676"/>
  <system-out/>
  <testcase classname="UnitTest.Test_Altoro" name="contactUs" time="5.462"/>
  <system-out/>
</testsuite> <!-- UnitTest.Test_Altoro -->
